[35m[Appium][39m Welcome to Appium v1.22.3
[35m[Appium][39m Non-default server args:
[35m[Appium][39m   port: 25404
[35m[Appium][39m   loglevel: info
[35m[Appium][39m   tmpDir: C:\Users\User\AppData\Local\Temp\\Katalon\Appium\Temp1677601707075
[35m[Appium][39m   chromedriverPort: 25406
[35m[Appium][39m Deprecated server args:
[35m[Appium][39m   [31m--chromedriver-port[39m => --default-capabilities
[35m[Appium][39m Default capabilities, which will be added to each request unless overridden by desired capabilities:
[35m[Appium][39m   chromedriverPort: 25406
[35m[Appium][39m Appium REST http interface listener started on 0.0.0.0:25404
[35m[HTTP][39m [37m-->[39m [37mGET[39m [37m/wd/hub/status[39m
[35m[HTTP][39m [90m{}[39m
[35m[HTTP][39m [37m<-- GET /wd/hub/status [39m[32m200[39m [90m21 ms - 68[39m
[35m[HTTP][39m [90m[39m
[35m[HTTP][39m [37m-->[39m [37mGET[39m [37m/wd/hub/status[39m
[35m[HTTP][39m [90m{}[39m
[35m[HTTP][39m [37m<-- GET /wd/hub/status [39m[32m200[39m [90m3 ms - 68[39m
[35m[HTTP][39m [90m[39m
[35m[HTTP][39m [37m-->[39m [37mPOST[39m [37m/wd/hub/session[39m
[35m[HTTP][39m [90m{"desiredCapabilities":{"app":"C:\\Users\\User\\Downloads\\UAT(Feb-24)\\CA-UAT(Feb-24).apk","noReset":true,"deviceName":"Xiaomi Redmi Note 8 Pro (Android 10)","fullReset":false,"platform":"ANDROID","newCommandTimeout":1800,"platformVersion":"10","automationName":"uiautomator2","autoGrantPermissions":true,"platformName":"Android","udid":"8p8huwp7tkkndu5x","systemPort":25427},"capabilities":{"firstMatch":[{"appium:app":"C:\\Users\\User\\Downloads\\UAT(Feb-24)\\CA-UAT(Feb-24).apk","appium:autoGrantPermissions":true,"appium:automationName":"uiautomator2","appium:deviceName":"Xiaomi Redmi Note 8 Pro (Android 10)","appium:fullReset":false,"appium:newCommandTimeout":1800,"appium:noReset":true,"platform":"ANDROID","platformName":"android","appium:platformVersion":"10","appium:systemPort":25427,"appium:udid":"8p8huwp7tkkndu5x"}]}}[39m
[35m[BaseDriver][39m The following capabilities are not standard capabilities and should have an extension prefix:
[35m[BaseDriver][39m   platform
[35m[BaseDriver][39m   chromedriverPort
[35m[Appium][39m Appium v1.22.3 creating new AndroidUiautomator2Driver (v1.70.1) session
[35m[BaseDriver][39m The following capabilities were provided, but are not recognized by Appium:
[35m[BaseDriver][39m   platform
[35m[BaseDriver][39m Session created with session id: 81bfb470-9f31-453a-9e78-43b3268b837e
[35m[BaseDriver][39m Using local app 'C:\Users\User\Downloads\UAT(Feb-24)\CA-UAT(Feb-24).apk'
[35m[ADB][39m Found 1 'build-tools' folders under 'C:\Users\User\AppData\Local\Android\Sdk' (newest first):
[35m[ADB][39m     C:/Users/User/AppData/Local/Android/Sdk/build-tools/33.0.0
[35m[ADB][39m Using 'adb.exe' from 'C:\Users\User\AppData\Local\Android\Sdk\platform-tools\adb.exe'
[35m[AndroidDriver][39m Retrieving device list
[35m[AndroidDriver][39m Using device: 8p8huwp7tkkndu5x
[35m[ADB][39m Using 'adb.exe' from 'C:\Users\User\AppData\Local\Android\Sdk\platform-tools\adb.exe'
[35m[ADB][39m Getting device platform version
[35m[UiAutomator2][39m Relaxing hidden api policy
[35m[ADB][39m Package name: 'com.citizenspay.consumer'
[35m[ADB][39m Main activity name: 'com.mobifinelite.MainActivity'
[35m[ADB][39m Using 'apksigner.jar' from 'C:\Users\User\AppData\Local\Android\Sdk\build-tools\33.0.0\lib\apksigner.jar'
[35m[ADB][39m 'C:\Users\User\AppData\Roaming\npm\node_modules\appium\node_modules\appium-uiautomator2-server\apks\appium-uiautomator2-server-v4.27.0.apk' is signed with the default certificate
[35m[ADB][39m 'C:\Users\User\AppData\Roaming\npm\node_modules\appium\node_modules\appium-uiautomator2-server\apks\appium-uiautomator2-server-debug-androidTest.apk' is signed with the default certificate
[35m[UiAutomator2][39m Server packages are not going to be (re)installed
[35m[ADB][39m Adding packages ["io.appium.settings","io.appium.uiautomator2.server","io.appium.uiautomator2.server.test"] to Doze whitelist
[35m[ADB][39m 'C:\Users\User\Downloads\UAT(Feb-24)\CA-UAT(Feb-24).apk' is signed with a non-default certificate
[35m[ADB][39m The application at 'C:\Users\User\Downloads\UAT(Feb-24)\CA-UAT(Feb-24).apk' will not be cached, because the device under test has confirmed the support of streamed installs
[35m[ADB][39m The installation of 'CA-UAT(Feb-24).apk' took 12884ms
[35m[UiAutomator2][39m Starting UIAutomator2 server 4.27.0
[35m[UiAutomator2][39m Using UIAutomator2 server from 'C:\Users\User\AppData\Roaming\npm\node_modules\appium\node_modules\appium-uiautomator2-server\apks\appium-uiautomator2-server-v4.27.0.apk' and test from 'C:\Users\User\AppData\Roaming\npm\node_modules\appium\node_modules\appium-uiautomator2-server\apks\appium-uiautomator2-server-debug-androidTest.apk'
[35m[UiAutomator2][39m Waiting up to 30000ms for UiAutomator2 to be online...
[35m[WD Proxy][39m socket hang up
[35m[WD Proxy][39m socket hang up
[35m[WD Proxy][39m socket hang up
[35m[WD Proxy][39m Determined the downstream protocol as 'W3C'
[35m[AndroidDriver][39m Screen already unlocked, doing nothing
[35m[UiAutomator2][39m Starting 'com.citizenspay.consumer/com.mobifinelite.MainActivity and waiting for 'com.citizenspay.consumer/com.mobifinelite.MainActivity'
[35m[Appium][39m New AndroidUiautomator2Driver session created successfully, session 81bfb470-9f31-453a-9e78-43b3268b837e added to master session list
[35m[HTTP][39m [37m<-- POST /wd/hub/session [39m[32m200[39m [90m28205 ms - 1311[39m
[35m[HTTP][39m [90m[39m
[35m[HTTP][39m [37m-->[39m [37mGET[39m [37m/wd/hub/session/81bfb470-9f31-453a-9e78-43b3268b837e[39m
[35m[HTTP][39m [90m{}[39m
[35m[HTTP][39m [37m<-- GET /wd/hub/session/81bfb470-9f31-453a-9e78-43b3268b837e [39m[32m200[39m [90m27 ms - 1265[39m
[35m[HTTP][39m [90m[39m
[35m[HTTP][39m [37m-->[39m [37mGET[39m [37m/wd/hub/session/81bfb470-9f31-453a-9e78-43b3268b837e[39m
[35m[HTTP][39m [90m{}[39m
[35m[HTTP][39m [37m<-- GET /wd/hub/session/81bfb470-9f31-453a-9e78-43b3268b837e [39m[32m200[39m [90m19 ms - 1265[39m
[35m[HTTP][39m [90m[39m
[35m[HTTP][39m [37m-->[39m [37mGET[39m [37m/wd/hub/status[39m
[35m[HTTP][39m [90m{}[39m
[35m[HTTP][39m [37m<-- GET /wd/hub/status [39m[32m200[39m [90m3 ms - 68[39m
[35m[HTTP][39m [90m[39m
[35m[HTTP][39m [37m-->[39m [37mPOST[39m [37m/wd/hub/session/81bfb470-9f31-453a-9e78-43b3268b837e/timeouts[39m
[35m[HTTP][39m [90m{"implicit":60000}[39m
[35m[HTTP][39m [37m<-- POST /wd/hub/session/81bfb470-9f31-453a-9e78-43b3268b837e/timeouts [39m[32m200[39m [90m11 ms - 14[39m
[35m[HTTP][39m [90m[39m
[35m[HTTP][39m [37m-->[39m [37mGET[39m [37m/wd/hub/session/81bfb470-9f31-453a-9e78-43b3268b837e/source[39m
[35m[HTTP][39m [90m{}[39m
[35m[W3C (81bfb470)][39m Driver proxy active, passing request on via HTTP proxy
[35m[WD Proxy][39m Replacing sessionId e0c3be06-6fcd-40a4-99e2-445ea29b7d42 with 81bfb470-9f31-453a-9e78-43b3268b837e
[35m[HTTP][39m [37m<-- GET /wd/hub/session/81bfb470-9f31-453a-9e78-43b3268b837e/source [39m[32m200[39m [90m90 ms - 2804[39m
[35m[HTTP][39m [90m[39m
[35m[HTTP][39m [37m-->[39m [37mGET[39m [37m/wd/hub/session/81bfb470-9f31-453a-9e78-43b3268b837e/screenshot[39m
[35m[HTTP][39m [90m{}[39m
[35m[HTTP][39m [37m<-- GET /wd/hub/session/81bfb470-9f31-453a-9e78-43b3268b837e/screenshot [39m[32m200[39m [90m491 ms - 42618[39m
[35m[HTTP][39m [90m[39m
[35m[HTTP][39m [37m-->[39m [37mGET[39m [37m/wd/hub/session/81bfb470-9f31-453a-9e78-43b3268b837e/source[39m
[35m[HTTP][39m [90m{}[39m
[35m[W3C (81bfb470)][39m Driver proxy active, passing request on via HTTP proxy
[35m[WD Proxy][39m Replacing sessionId e0c3be06-6fcd-40a4-99e2-445ea29b7d42 with 81bfb470-9f31-453a-9e78-43b3268b837e
[35m[HTTP][39m [37m<-- GET /wd/hub/session/81bfb470-9f31-453a-9e78-43b3268b837e/source [39m[32m200[39m [90m455 ms - 24214[39m
[35m[HTTP][39m [90m[39m
[35m[HTTP][39m [37m-->[39m [37mGET[39m [37m/wd/hub/session/81bfb470-9f31-453a-9e78-43b3268b837e/screenshot[39m
[35m[HTTP][39m [90m{}[39m
[35m[HTTP][39m [37m<-- GET /wd/hub/session/81bfb470-9f31-453a-9e78-43b3268b837e/screenshot [39m[32m200[39m [90m753 ms - 212990[39m
[35m[HTTP][39m [90m[39m
[35m[HTTP][39m [37m-->[39m [37mPOST[39m [37m/wd/hub/session/81bfb470-9f31-453a-9e78-43b3268b837e/elements[39m
[35m[HTTP][39m [90m{"using":"xpath","value":"//*[@class = 'android.widget.EditText' and (@text = 'Mobile Number' or . = 'Mobile Number')]"}[39m
[35m[HTTP][39m [37m<-- POST /wd/hub/session/81bfb470-9f31-453a-9e78-43b3268b837e/elements [39m[32m200[39m [90m1247 ms - 139[39m
[35m[HTTP][39m [90m[39m
[35m[HTTP][39m [37m-->[39m [37mGET[39m [37m/wd/hub/session/81bfb470-9f31-453a-9e78-43b3268b837e/window/rect[39m
[35m[HTTP][39m [90m{}[39m
[35m[HTTP][39m [37m<-- GET /wd/hub/session/81bfb470-9f31-453a-9e78-43b3268b837e/window/rect [39m[32m200[39m [90m49 ms - 50[39m
[35m[HTTP][39m [90m[39m
[35m[HTTP][39m [37m-->[39m [37mPOST[39m [37m/wd/hub/session/81bfb470-9f31-453a-9e78-43b3268b837e/elements[39m
[35m[HTTP][39m [90m{"using":"xpath","value":"//*[@class = 'android.widget.EditText' and (@text = 'Mobile Number' or . = 'Mobile Number')]"}[39m
[35m[HTTP][39m [37m<-- POST /wd/hub/session/81bfb470-9f31-453a-9e78-43b3268b837e/elements [39m[32m200[39m [90m850 ms - 139[39m
[35m[HTTP][39m [90m[39m
[35m[HTTP][39m [37m-->[39m [37mGET[39m [37m/wd/hub/session/81bfb470-9f31-453a-9e78-43b3268b837e/element/00000000-0000-c507-ffff-ffff00000086/location[39m
[35m[HTTP][39m [90m{}[39m
[35m[W3C (81bfb470)][39m Driver proxy active, passing request on via HTTP proxy
[35m[WD Proxy][39m Replacing sessionId e0c3be06-6fcd-40a4-99e2-445ea29b7d42 with 81bfb470-9f31-453a-9e78-43b3268b837e
[35m[HTTP][39m [37m<-- GET /wd/hub/session/81bfb470-9f31-453a-9e78-43b3268b837e/element/00000000-0000-c507-ffff-ffff00000086/location [39m[32m200[39m [90m49 ms - 78[39m
[35m[HTTP][39m [90m[39m
[35m[HTTP][39m [37m-->[39m [37mPOST[39m [37m/wd/hub/session/81bfb470-9f31-453a-9e78-43b3268b837e/element/00000000-0000-c507-ffff-ffff00000086/value[39m
[35m[HTTP][39m [90m{"id":"00000000-0000-c507-ffff-ffff00000086","text":"791953587","value":["7","9","1","9","5","3","5","8","7"]}[39m
[35m[HTTP][39m [37m<-- POST /wd/hub/session/81bfb470-9f31-453a-9e78-43b3268b837e/element/00000000-0000-c507-ffff-ffff00000086/value [39m[32m200[39m [90m69 ms - 14[39m
[35m[HTTP][39m [90m[39m
[35m[HTTP][39m [37m-->[39m [37mGET[39m [37m/wd/hub/session/81bfb470-9f31-453a-9e78-43b3268b837e/source[39m
[35m[HTTP][39m [90m{}[39m
[35m[W3C (81bfb470)][39m Driver proxy active, passing request on via HTTP proxy
[35m[WD Proxy][39m Replacing sessionId e0c3be06-6fcd-40a4-99e2-445ea29b7d42 with 81bfb470-9f31-453a-9e78-43b3268b837e
[35m[HTTP][39m [37m<-- GET /wd/hub/session/81bfb470-9f31-453a-9e78-43b3268b837e/source [39m[32m200[39m [90m590 ms - 24210[39m
[35m[HTTP][39m [90m[39m
[35m[HTTP][39m [37m-->[39m [37mGET[39m [37m/wd/hub/session/81bfb470-9f31-453a-9e78-43b3268b837e/screenshot[39m
[35m[HTTP][39m [90m{}[39m
[35m[HTTP][39m [37m<-- GET /wd/hub/session/81bfb470-9f31-453a-9e78-43b3268b837e/screenshot [39m[32m200[39m [90m579 ms - 212012[39m
[35m[HTTP][39m [90m[39m
[35m[HTTP][39m [37m-->[39m [37mPOST[39m [37m/wd/hub/session/81bfb470-9f31-453a-9e78-43b3268b837e/elements[39m
[35m[HTTP][39m [90m{"using":"xpath","value":"//*[@class = 'android.widget.EditText' and (@text = 'Enter PIN' or . = 'Enter PIN')]"}[39m
[35m[HTTP][39m [37m<-- POST /wd/hub/session/81bfb470-9f31-453a-9e78-43b3268b837e/elements [39m[32m200[39m [90m390 ms - 139[39m
[35m[HTTP][39m [90m[39m
[35m[HTTP][39m [37m-->[39m [37mGET[39m [37m/wd/hub/session/81bfb470-9f31-453a-9e78-43b3268b837e/window/rect[39m
[35m[HTTP][39m [90m{}[39m
[35m[HTTP][39m [37m<-- GET /wd/hub/session/81bfb470-9f31-453a-9e78-43b3268b837e/window/rect [39m[32m200[39m [90m53 ms - 50[39m
[35m[HTTP][39m [90m[39m
[35m[HTTP][39m [37m-->[39m [37mPOST[39m [37m/wd/hub/session/81bfb470-9f31-453a-9e78-43b3268b837e/elements[39m
[35m[HTTP][39m [90m{"using":"xpath","value":"//*[@class = 'android.widget.EditText' and (@text = 'Enter PIN' or . = 'Enter PIN')]"}[39m
[35m[HTTP][39m [37m<-- POST /wd/hub/session/81bfb470-9f31-453a-9e78-43b3268b837e/elements [39m[32m200[39m [90m410 ms - 139[39m
[35m[HTTP][39m [90m[39m
[35m[HTTP][39m [37m-->[39m [37mGET[39m [37m/wd/hub/session/81bfb470-9f31-453a-9e78-43b3268b837e/element/00000000-0000-c507-ffff-ffff0000008b/location[39m
[35m[HTTP][39m [90m{}[39m
[35m[W3C (81bfb470)][39m Driver proxy active, passing request on via HTTP proxy
[35m[WD Proxy][39m Replacing sessionId e0c3be06-6fcd-40a4-99e2-445ea29b7d42 with 81bfb470-9f31-453a-9e78-43b3268b837e
[35m[HTTP][39m [37m<-- GET /wd/hub/session/81bfb470-9f31-453a-9e78-43b3268b837e/element/00000000-0000-c507-ffff-ffff0000008b/location [39m[32m200[39m [90m31 ms - 78[39m
[35m[HTTP][39m [90m[39m
[35m[HTTP][39m [37m-->[39m [37mPOST[39m [37m/wd/hub/session/81bfb470-9f31-453a-9e78-43b3268b837e/element/00000000-0000-c507-ffff-ffff0000008b/value[39m
[35m[HTTP][39m [90m{"id":"00000000-0000-c507-ffff-ffff0000008b","text":"123456","value":["1","2","3","4","5","6"]}[39m
[35m[HTTP][39m [37m<-- POST /wd/hub/session/81bfb470-9f31-453a-9e78-43b3268b837e/element/00000000-0000-c507-ffff-ffff0000008b/value [39m[32m200[39m [90m809 ms - 14[39m
[35m[HTTP][39m [90m[39m
[35m[HTTP][39m [37m-->[39m [37mGET[39m [37m/wd/hub/session/81bfb470-9f31-453a-9e78-43b3268b837e/source[39m
[35m[HTTP][39m [90m{}[39m
[35m[W3C (81bfb470)][39m Driver proxy active, passing request on via HTTP proxy
[35m[WD Proxy][39m Replacing sessionId e0c3be06-6fcd-40a4-99e2-445ea29b7d42 with 81bfb470-9f31-453a-9e78-43b3268b837e
[35m[HTTP][39m [37m<-- GET /wd/hub/session/81bfb470-9f31-453a-9e78-43b3268b837e/source [39m[32m200[39m [90m266 ms - 24219[39m
[35m[HTTP][39m [90m[39m
[35m[HTTP][39m [37m-->[39m [37mGET[39m [37m/wd/hub/session/81bfb470-9f31-453a-9e78-43b3268b837e/screenshot[39m
[35m[HTTP][39m [90m{}[39m
[35m[HTTP][39m [37m<-- GET /wd/hub/session/81bfb470-9f31-453a-9e78-43b3268b837e/screenshot [39m[32m200[39m [90m571 ms - 208420[39m
[35m[HTTP][39m [90m[39m
[35m[HTTP][39m [37m-->[39m [37mPOST[39m [37m/wd/hub/session/81bfb470-9f31-453a-9e78-43b3268b837e/elements[39m
[35m[HTTP][39m [90m{"using":"xpath","value":"//*[@class = 'android.view.View' and (@text = '' or . = '')]"}[39m
[35m[HTTP][39m [37m<-- POST /wd/hub/session/81bfb470-9f31-453a-9e78-43b3268b837e/elements [39m[32m200[39m [90m357 ms - 139[39m
[35m[HTTP][39m [90m[39m
[35m[HTTP][39m [37m-->[39m [37mGET[39m [37m/wd/hub/session/81bfb470-9f31-453a-9e78-43b3268b837e/window/rect[39m
[35m[HTTP][39m [90m{}[39m
[35m[HTTP][39m [37m<-- GET /wd/hub/session/81bfb470-9f31-453a-9e78-43b3268b837e/window/rect [39m[32m200[39m [90m19 ms - 50[39m
[35m[HTTP][39m [90m[39m
[35m[HTTP][39m [37m-->[39m [37mPOST[39m [37m/wd/hub/session/81bfb470-9f31-453a-9e78-43b3268b837e/elements[39m
[35m[HTTP][39m [90m{"using":"xpath","value":"//*[@class = 'android.view.View' and (@text = '' or . = '')]"}[39m
[35m[HTTP][39m [37m<-- POST /wd/hub/session/81bfb470-9f31-453a-9e78-43b3268b837e/elements [39m[32m200[39m [90m297 ms - 139[39m
[35m[HTTP][39m [90m[39m
[35m[HTTP][39m [37m-->[39m [37mGET[39m [37m/wd/hub/session/81bfb470-9f31-453a-9e78-43b3268b837e/element/00000000-0000-c507-ffff-ffff0000009d/location[39m
[35m[HTTP][39m [90m{}[39m
[35m[W3C (81bfb470)][39m Driver proxy active, passing request on via HTTP proxy
[35m[WD Proxy][39m Replacing sessionId e0c3be06-6fcd-40a4-99e2-445ea29b7d42 with 81bfb470-9f31-453a-9e78-43b3268b837e
[35m[HTTP][39m [37m<-- GET /wd/hub/session/81bfb470-9f31-453a-9e78-43b3268b837e/element/00000000-0000-c507-ffff-ffff0000009d/location [39m[32m200[39m [90m36 ms - 78[39m
[35m[HTTP][39m [90m[39m
[35m[HTTP][39m [37m-->[39m [37mPOST[39m [37m/wd/hub/session/81bfb470-9f31-453a-9e78-43b3268b837e/element/00000000-0000-c507-ffff-ffff0000009d/click[39m
[35m[HTTP][39m [90m{"id":"00000000-0000-c507-ffff-ffff0000009d"}[39m
[35m[HTTP][39m [37m<-- POST /wd/hub/session/81bfb470-9f31-453a-9e78-43b3268b837e/element/00000000-0000-c507-ffff-ffff0000009d/click [39m[32m200[39m [90m65 ms - 14[39m
[35m[HTTP][39m [90m[39m
[35m[HTTP][39m [37m-->[39m [37mGET[39m [37m/wd/hub/session/81bfb470-9f31-453a-9e78-43b3268b837e/source[39m
[35m[HTTP][39m [90m{}[39m
[35m[W3C (81bfb470)][39m Driver proxy active, passing request on via HTTP proxy
[35m[WD Proxy][39m Replacing sessionId e0c3be06-6fcd-40a4-99e2-445ea29b7d42 with 81bfb470-9f31-453a-9e78-43b3268b837e
[35m[HTTP][39m [37m<-- GET /wd/hub/session/81bfb470-9f31-453a-9e78-43b3268b837e/source [39m[32m200[39m [90m126 ms - 5753[39m
[35m[HTTP][39m [90m[39m
[35m[HTTP][39m [37m-->[39m [37mGET[39m [37m/wd/hub/session/81bfb470-9f31-453a-9e78-43b3268b837e/screenshot[39m
[35m[HTTP][39m [90m{}[39m
[35m[HTTP][39m [37m<-- GET /wd/hub/session/81bfb470-9f31-453a-9e78-43b3268b837e/screenshot [39m[32m200[39m [90m590 ms - 93066[39m
[35m[HTTP][39m [90m[39m
[35m[HTTP][39m [37m-->[39m [37mGET[39m [37m/wd/hub/session/81bfb470-9f31-453a-9e78-43b3268b837e/source[39m
[35m[HTTP][39m [90m{}[39m
[35m[W3C (81bfb470)][39m Driver proxy active, passing request on via HTTP proxy
[35m[WD Proxy][39m Replacing sessionId e0c3be06-6fcd-40a4-99e2-445ea29b7d42 with 81bfb470-9f31-453a-9e78-43b3268b837e
[35m[HTTP][39m [37m<-- GET /wd/hub/session/81bfb470-9f31-453a-9e78-43b3268b837e/source [39m[32m200[39m [90m146 ms - 6156[39m
[35m[HTTP][39m [90m[39m
[35m[HTTP][39m [37m-->[39m [37mGET[39m [37m/wd/hub/session/81bfb470-9f31-453a-9e78-43b3268b837e/screenshot[39m
[35m[HTTP][39m [90m{}[39m
[35m[HTTP][39m [37m<-- GET /wd/hub/session/81bfb470-9f31-453a-9e78-43b3268b837e/screenshot [39m[32m200[39m [90m546 ms - 187094[39m
[35m[HTTP][39m [90m[39m
[35m[HTTP][39m [37m-->[39m [37mDELETE[39m [37m/wd/hub/session/81bfb470-9f31-453a-9e78-43b3268b837e[39m
[35m[HTTP][39m [90m{}[39m
[35m[Appium][39m Removing session 81bfb470-9f31-453a-9e78-43b3268b837e from our master session list
[35m[UiAutomator2][39m Restoring hidden api policy to the device default configuration
[35m[HTTP][39m [37m<-- DELETE /wd/hub/session/81bfb470-9f31-453a-9e78-43b3268b837e [39m[32m200[39m [90m493 ms - 14[39m
[35m[HTTP][39m [90m[39m
